2024-12-03 12:14:23 [main] INFO  com.taller.psico.PsicoApplication - Starting PsicoApplication using Java 17.0.10 with PID 12556 (C:\Users\ONCE\Documents\UCB\Octavo semestre\Seguridad\Proyecto\PsicologiaBackend\target\classes started by ONCE in C:\Users\ONCE\Documents\UCB\Octavo semestre\Seguridad\Proyecto\PsicologiaBackend)
2024-12-03 12:14:23 [main] INFO  com.taller.psico.PsicoApplication - No active profile set, falling back to 1 default profile: "default"
2024-12-03 12:14:23 [main] INFO  o.s.d.r.c.RepositoryConfigurationDelegate - Bootstrapping Spring Data JPA repositories in DEFAULT mode.
2024-12-03 12:14:23 [main] INFO  o.s.d.r.c.RepositoryConfigurationDelegate - Finished Spring Data repository scanning in 62 ms. Found 19 JPA repository interfaces.
2024-12-03 12:14:24 [main] INFO  o.s.b.w.e.tomcat.TomcatWebServer - Tomcat initialized with port 8004 (http)
2024-12-03 12:14:24 [main] INFO  o.a.coyote.http11.Http11NioProtocol - Initializing ProtocolHandler ["http-nio-8004"]
2024-12-03 12:14:24 [main] INFO  o.a.catalina.core.StandardService - Starting service [Tomcat]
2024-12-03 12:14:24 [main] INFO  o.a.catalina.core.StandardEngine - Starting Servlet engine: [Apache Tomcat/10.1.20]
2024-12-03 12:14:24 [main] INFO  o.a.c.c.C.[Tomcat].[localhost].[/] - Initializing Spring embedded WebApplicationContext
2024-12-03 12:14:24 [main] INFO  o.s.b.w.s.c.ServletWebServerApplicationContext - Root WebApplicationContext: initialization completed in 783 ms
2024-12-03 12:14:24 [main] INFO  o.h.jpa.internal.util.LogHelper - HHH000204: Processing PersistenceUnitInfo [name: default]
2024-12-03 12:14:24 [main] INFO  org.hibernate.Version - HHH000412: Hibernate ORM core version 6.4.4.Final
2024-12-03 12:14:24 [main] INFO  o.h.c.i.RegionFactoryInitiator - HHH000026: Second-level cache disabled
2024-12-03 12:14:24 [main] INFO  o.s.o.j.p.SpringPersistenceUnitInfo - No LoadTimeWeaver setup: ignoring JPA class transformer
2024-12-03 12:14:25 [main] INFO  o.h.e.t.j.p.i.JtaPlatformInitiator - HHH000489: No JTA platform available (set 'hibernate.transaction.jta.platform' to enable JTA platform integration)
2024-12-03 12:14:26 [main] INFO  o.s.o.j.LocalContainerEntityManagerFactoryBean - Initialized JPA EntityManagerFactory for persistence unit 'default'
2024-12-03 12:14:26 [main] INFO  o.s.d.j.r.query.QueryEnhancerFactory - Hibernate is in classpath; If applicable, HQL parser will be used.
2024-12-03 12:14:27 [main] INFO  o.a.coyote.http11.Http11NioProtocol - Starting ProtocolHandler ["http-nio-8004"]
2024-12-03 12:14:27 [main] INFO  o.s.b.w.e.tomcat.TomcatWebServer - Tomcat started on port 8004 (http) with context path ''
2024-12-03 12:14:27 [main] INFO  com.taller.psico.PsicoApplication - Started PsicoApplication in 4.045 seconds (process running for 4.547)
2024-12-03 12:15:11 [http-nio-8004-exec-1] INFO  o.a.c.c.C.[Tomcat].[localhost].[/] - Initializing Spring DispatcherServlet 'dispatcherServlet'
2024-12-03 12:15:11 [http-nio-8004-exec-1] INFO  o.s.web.servlet.DispatcherServlet - Initializing Servlet 'dispatcherServlet'
2024-12-03 12:15:11 [http-nio-8004-exec-1] INFO  o.s.web.servlet.DispatcherServlet - Completed initialization in 0 ms
2024-12-03 12:15:11 [http-nio-8004-exec-2] INFO  com.taller.psico.api.AuthApi - Attempting to login user: admin
2024-12-03 12:15:49 [SpringApplicationShutdownHook] INFO  o.s.o.j.LocalContainerEntityManagerFactoryBean - Closing JPA EntityManagerFactory for persistence unit 'default'
2024-12-03 15:58:43 [main] INFO  com.taller.psico.PsicoApplication - Starting PsicoApplication using Java 17.0.10 with PID 3148 (C:\Users\ONCE\Documents\UCB\Octavo semestre\Seguridad\Proyecto\PsicologiaBackend\target\classes started by ONCE in C:\Users\ONCE\Documents\UCB\Octavo semestre\Seguridad\Proyecto\PsicologiaBackend)
2024-12-03 15:58:43 [main] INFO  com.taller.psico.PsicoApplication - No active profile set, falling back to 1 default profile: "default"
2024-12-03 15:58:44 [main] INFO  o.s.d.r.c.RepositoryConfigurationDelegate - Bootstrapping Spring Data JPA repositories in DEFAULT mode.
2024-12-03 15:58:44 [main] INFO  o.s.d.r.c.RepositoryConfigurationDelegate - Finished Spring Data repository scanning in 107 ms. Found 19 JPA repository interfaces.
2024-12-03 15:58:45 [main] INFO  o.s.b.w.e.tomcat.TomcatWebServer - Tomcat initialized with port 8004 (http)
2024-12-03 15:58:45 [main] INFO  o.a.coyote.http11.Http11NioProtocol - Initializing ProtocolHandler ["http-nio-8004"]
2024-12-03 15:58:45 [main] INFO  o.a.catalina.core.StandardService - Starting service [Tomcat]
2024-12-03 15:58:45 [main] INFO  o.a.catalina.core.StandardEngine - Starting Servlet engine: [Apache Tomcat/10.1.20]
2024-12-03 15:58:45 [main] INFO  o.a.c.c.C.[Tomcat].[localhost].[/] - Initializing Spring embedded WebApplicationContext
2024-12-03 15:58:45 [main] INFO  o.s.b.w.s.c.ServletWebServerApplicationContext - Root WebApplicationContext: initialization completed in 1475 ms
2024-12-03 15:58:45 [main] INFO  o.h.jpa.internal.util.LogHelper - HHH000204: Processing PersistenceUnitInfo [name: default]
2024-12-03 15:58:45 [main] INFO  org.hibernate.Version - HHH000412: Hibernate ORM core version 6.4.4.Final
2024-12-03 15:58:45 [main] INFO  o.h.c.i.RegionFactoryInitiator - HHH000026: Second-level cache disabled
2024-12-03 15:58:45 [main] INFO  o.s.o.j.p.SpringPersistenceUnitInfo - No LoadTimeWeaver setup: ignoring JPA class transformer
2024-12-03 15:58:47 [main] INFO  o.h.e.t.j.p.i.JtaPlatformInitiator - HHH000489: No JTA platform available (set 'hibernate.transaction.jta.platform' to enable JTA platform integration)
2024-12-03 15:58:47 [main] INFO  o.s.o.j.LocalContainerEntityManagerFactoryBean - Initialized JPA EntityManagerFactory for persistence unit 'default'
2024-12-03 15:58:47 [main] INFO  o.s.d.j.r.query.QueryEnhancerFactory - Hibernate is in classpath; If applicable, HQL parser will be used.
2024-12-03 15:58:48 [main] INFO  o.a.coyote.http11.Http11NioProtocol - Starting ProtocolHandler ["http-nio-8004"]
2024-12-03 15:58:48 [main] INFO  o.s.b.w.e.tomcat.TomcatWebServer - Tomcat started on port 8004 (http) with context path ''
2024-12-03 15:58:48 [main] INFO  com.taller.psico.PsicoApplication - Started PsicoApplication in 5.742 seconds (process running for 6.581)
2024-12-03 15:59:51 [http-nio-8004-exec-1] INFO  o.a.c.c.C.[Tomcat].[localhost].[/] - Initializing Spring DispatcherServlet 'dispatcherServlet'
2024-12-03 15:59:51 [http-nio-8004-exec-1] INFO  o.s.web.servlet.DispatcherServlet - Initializing Servlet 'dispatcherServlet'
2024-12-03 15:59:51 [http-nio-8004-exec-1] INFO  o.s.web.servlet.DispatcherServlet - Completed initialization in 2 ms
2024-12-03 15:59:51 [http-nio-8004-exec-2] INFO  com.taller.psico.api.AuthApi - Direccion IP: 0:0:0:0:0:0:0:1,Intentando registrar usuario: jaskd
2024-12-03 16:00:49 [SpringApplicationShutdownHook] INFO  o.s.o.j.LocalContainerEntityManagerFactoryBean - Closing JPA EntityManagerFactory for persistence unit 'default'
2024-12-04 00:02:59 [main] INFO  com.taller.psico.PsicoApplication - Starting PsicoApplication using Java 17.0.10 with PID 8832 (C:\Users\ONCE\Documents\UCB\Octavo semestre\Seguridad\Proyecto\PsicologiaBackend\target\classes started by ONCE in C:\Users\ONCE\Documents\UCB\Octavo semestre\Seguridad\Proyecto\PsicologiaBackend)
2024-12-04 00:02:59 [main] INFO  com.taller.psico.PsicoApplication - No active profile set, falling back to 1 default profile: "default"
2024-12-04 00:03:00 [main] INFO  o.s.d.r.c.RepositoryConfigurationDelegate - Bootstrapping Spring Data JPA repositories in DEFAULT mode.
2024-12-04 00:03:00 [main] INFO  o.s.d.r.c.RepositoryConfigurationDelegate - Finished Spring Data repository scanning in 93 ms. Found 20 JPA repository interfaces.
2024-12-04 00:03:01 [main] INFO  o.s.b.w.e.tomcat.TomcatWebServer - Tomcat initialized with port 8004 (http)
2024-12-04 00:03:01 [main] INFO  o.a.coyote.http11.Http11NioProtocol - Initializing ProtocolHandler ["http-nio-8004"]
2024-12-04 00:03:01 [main] INFO  o.a.catalina.core.StandardService - Starting service [Tomcat]
2024-12-04 00:03:01 [main] INFO  o.a.catalina.core.StandardEngine - Starting Servlet engine: [Apache Tomcat/10.1.20]
2024-12-04 00:03:01 [main] INFO  o.a.c.c.C.[Tomcat].[localhost].[/] - Initializing Spring embedded WebApplicationContext
2024-12-04 00:03:01 [main] INFO  o.s.b.w.s.c.ServletWebServerApplicationContext - Root WebApplicationContext: initialization completed in 1577 ms
2024-12-04 00:03:01 [main] INFO  o.h.jpa.internal.util.LogHelper - HHH000204: Processing PersistenceUnitInfo [name: default]
2024-12-04 00:03:01 [main] INFO  org.hibernate.Version - HHH000412: Hibernate ORM core version 6.4.4.Final
2024-12-04 00:03:01 [main] INFO  o.h.c.i.RegionFactoryInitiator - HHH000026: Second-level cache disabled
2024-12-04 00:03:01 [main] INFO  o.s.o.j.p.SpringPersistenceUnitInfo - No LoadTimeWeaver setup: ignoring JPA class transformer
2024-12-04 00:03:02 [main] INFO  o.h.e.t.j.p.i.JtaPlatformInitiator - HHH000489: No JTA platform available (set 'hibernate.transaction.jta.platform' to enable JTA platform integration)
2024-12-04 00:03:02 [main] INFO  o.s.o.j.LocalContainerEntityManagerFactoryBean - Initialized JPA EntityManagerFactory for persistence unit 'default'
2024-12-04 00:03:03 [main] INFO  o.s.d.j.r.query.QueryEnhancerFactory - Hibernate is in classpath; If applicable, HQL parser will be used.
2024-12-04 00:03:03 [main] INFO  o.a.coyote.http11.Http11NioProtocol - Starting ProtocolHandler ["http-nio-8004"]
2024-12-04 00:03:03 [main] INFO  o.s.b.w.e.tomcat.TomcatWebServer - Tomcat started on port 8004 (http) with context path ''
2024-12-04 00:03:03 [main] INFO  com.taller.psico.PsicoApplication - Started PsicoApplication in 4.96 seconds (process running for 6.739)
2024-12-04 00:03:08 [SpringApplicationShutdownHook] INFO  o.s.o.j.LocalContainerEntityManagerFactoryBean - Closing JPA EntityManagerFactory for persistence unit 'default'
2024-12-04 09:26:16 [main] INFO  com.taller.psico.PsicoApplication - Starting PsicoApplication using Java 20.0.1 with PID 8172 (C:\Users\ALBERTO\Desktop\projects\nuevobackend\PsicologiaBackend\target\classes started by ALBERTO in C:\Users\ALBERTO\Desktop\projects\nuevobackend\PsicologiaBackend)
2024-12-04 09:26:16 [main] INFO  com.taller.psico.PsicoApplication - No active profile set, falling back to 1 default profile: "default"
2024-12-04 09:26:17 [main] INFO  o.s.d.r.c.RepositoryConfigurationDelegate - Bootstrapping Spring Data JPA repositories in DEFAULT mode.
2024-12-04 09:26:17 [main] INFO  o.s.d.r.c.RepositoryConfigurationDelegate - Finished Spring Data repository scanning in 93 ms. Found 20 JPA repository interfaces.
2024-12-04 09:26:17 [main] INFO  o.s.b.w.e.tomcat.TomcatWebServer - Tomcat initialized with port 8004 (http)
2024-12-04 09:26:17 [main] INFO  o.a.coyote.http11.Http11NioProtocol - Initializing ProtocolHandler ["http-nio-8004"]
2024-12-04 09:26:17 [main] INFO  o.a.catalina.core.StandardService - Starting service [Tomcat]
2024-12-04 09:26:17 [main] INFO  o.a.catalina.core.StandardEngine - Starting Servlet engine: [Apache Tomcat/10.1.20]
2024-12-04 09:26:17 [main] INFO  o.a.c.c.C.[Tomcat].[localhost].[/] - Initializing Spring embedded WebApplicationContext
2024-12-04 09:26:17 [main] INFO  o.s.b.w.s.c.ServletWebServerApplicationContext - Root WebApplicationContext: initialization completed in 1330 ms
2024-12-04 09:26:17 [main] INFO  o.h.jpa.internal.util.LogHelper - HHH000204: Processing PersistenceUnitInfo [name: default]
2024-12-04 09:26:17 [main] INFO  org.hibernate.Version - HHH000412: Hibernate ORM core version 6.4.4.Final
2024-12-04 09:26:17 [main] INFO  o.h.c.i.RegionFactoryInitiator - HHH000026: Second-level cache disabled
2024-12-04 09:26:18 [main] INFO  o.s.o.j.p.SpringPersistenceUnitInfo - No LoadTimeWeaver setup: ignoring JPA class transformer
2024-12-04 09:26:19 [main] INFO  o.h.e.t.j.p.i.JtaPlatformInitiator - HHH000489: No JTA platform available (set 'hibernate.transaction.jta.platform' to enable JTA platform integration)
2024-12-04 09:26:20 [main] INFO  o.s.o.j.LocalContainerEntityManagerFactoryBean - Initialized JPA EntityManagerFactory for persistence unit 'default'
2024-12-04 09:26:20 [main] INFO  o.s.d.j.r.query.QueryEnhancerFactory - Hibernate is in classpath; If applicable, HQL parser will be used.
2024-12-04 09:26:21 [main] INFO  o.a.coyote.http11.Http11NioProtocol - Starting ProtocolHandler ["http-nio-8004"]
2024-12-04 09:26:21 [main] INFO  o.s.b.w.e.tomcat.TomcatWebServer - Tomcat started on port 8004 (http) with context path ''
2024-12-04 09:26:21 [main] INFO  com.taller.psico.PsicoApplication - Started PsicoApplication in 5.912 seconds (process running for 6.601)
2024-12-04 09:45:09 [http-nio-8004-exec-1] INFO  o.a.c.c.C.[Tomcat].[localhost].[/] - Initializing Spring DispatcherServlet 'dispatcherServlet'
2024-12-04 09:45:09 [http-nio-8004-exec-1] INFO  o.s.web.servlet.DispatcherServlet - Initializing Servlet 'dispatcherServlet'
2024-12-04 09:45:09 [http-nio-8004-exec-1] INFO  o.s.web.servlet.DispatcherServlet - Completed initialization in 2 ms
2024-12-04 09:45:09 [http-nio-8004-exec-2] INFO  com.taller.psico.api.AuthApi - Direccion IP: 0:0:0:0:0:0:0:1,Intentando registrar usuario: Administracion.psico
2024-12-04 09:45:12 [http-nio-8004-exec-5] INFO  com.taller.psico.api.AuthApi - Direccion IP: 0:0:0:0:0:0:0:1,Intentando registrar usuario: administracion.psico
2024-12-04 09:45:12 [http-nio-8004-exec-5] INFO  com.taller.psico.api.AuthApi - Direccion IP: 0:0:0:0:0:0:0:1,Inicio de sesión exitoso para la usuario: administracion.psico
2024-12-04 09:45:33 [http-nio-8004-exec-7] INFO  com.taller.psico.api.UserApi - Solicitud recibida para obtener todos los usuarios desde la IP: 0:0:0:0:0:0:0:1
2024-12-04 09:45:33 [http-nio-8004-exec-10] INFO  com.taller.psico.api.RolApi - Buscando todos los roles desde la IP: 0:0:0:0:0:0:0:1
2024-12-04 09:45:33 [http-nio-8004-exec-7] INFO  com.taller.psico.api.UserApi - Usuarios obtenidos correctamente desde la IP: 0:0:0:0:0:0:0:1
2024-12-04 09:51:42 [http-nio-8004-exec-1] INFO  com.taller.psico.api.UserApi - Solicitud recibida para actualizar el estado del usuario con ID: 9 desde la IP: 0:0:0:0:0:0:0:1
2024-12-04 09:51:42 [http-nio-8004-exec-2] INFO  com.taller.psico.api.UserApi - Solicitud recibida para obtener todos los usuarios desde la IP: 0:0:0:0:0:0:0:1
2024-12-04 09:51:42 [http-nio-8004-exec-2] INFO  com.taller.psico.api.UserApi - Usuarios obtenidos correctamente desde la IP: 0:0:0:0:0:0:0:1
2024-12-04 09:51:46 [http-nio-8004-exec-5] INFO  com.taller.psico.api.UserApi - Solicitud recibida para obtener todos los usuarios desde la IP: 0:0:0:0:0:0:0:1
2024-12-04 09:51:46 [http-nio-8004-exec-6] INFO  com.taller.psico.api.RolApi - Buscando todos los roles desde la IP: 0:0:0:0:0:0:0:1
2024-12-04 09:51:46 [http-nio-8004-exec-5] INFO  com.taller.psico.api.UserApi - Usuarios obtenidos correctamente desde la IP: 0:0:0:0:0:0:0:1
2024-12-04 09:51:49 [http-nio-8004-exec-10] INFO  com.taller.psico.api.UserApi - Solicitud recibida para actualizar el estado del usuario con ID: 13 desde la IP: 0:0:0:0:0:0:0:1
2024-12-04 09:51:49 [http-nio-8004-exec-7] INFO  com.taller.psico.api.UserApi - Solicitud recibida para obtener todos los usuarios desde la IP: 0:0:0:0:0:0:0:1
2024-12-04 09:51:49 [http-nio-8004-exec-7] INFO  com.taller.psico.api.UserApi - Usuarios obtenidos correctamente desde la IP: 0:0:0:0:0:0:0:1
2024-12-04 09:51:50 [http-nio-8004-exec-9] INFO  com.taller.psico.api.UserApi - Solicitud recibida para obtener todos los usuarios desde la IP: 0:0:0:0:0:0:0:1
2024-12-04 09:51:50 [http-nio-8004-exec-9] INFO  com.taller.psico.api.UserApi - Usuarios obtenidos correctamente desde la IP: 0:0:0:0:0:0:0:1
2024-12-04 09:51:51 [http-nio-8004-exec-3] INFO  com.taller.psico.api.RolApi - Buscando todos los roles desde la IP: 0:0:0:0:0:0:0:1
2024-12-04 10:05:34 [http-nio-8004-exec-2] INFO  com.taller.psico.api.UserApi - Solicitud recibida para obtener todos los usuarios desde la IP: 0:0:0:0:0:0:0:1
2024-12-04 10:05:34 [http-nio-8004-exec-6] INFO  com.taller.psico.api.RolApi - Buscando todos los roles desde la IP: 0:0:0:0:0:0:0:1
2024-12-04 10:05:34 [http-nio-8004-exec-2] INFO  com.taller.psico.api.UserApi - Usuarios obtenidos correctamente desde la IP: 0:0:0:0:0:0:0:1
2024-12-04 10:06:12 [http-nio-8004-exec-5] INFO  com.taller.psico.api.UserApi - Solicitud recibida para obtener todos los usuarios desde la IP: 0:0:0:0:0:0:0:1
2024-12-04 10:06:12 [http-nio-8004-exec-8] INFO  com.taller.psico.api.RolApi - Buscando todos los roles desde la IP: 0:0:0:0:0:0:0:1
2024-12-04 10:06:12 [http-nio-8004-exec-5] INFO  com.taller.psico.api.UserApi - Usuarios obtenidos correctamente desde la IP: 0:0:0:0:0:0:0:1
2024-12-04 10:06:16 [http-nio-8004-exec-10] INFO  com.taller.psico.api.UserApi - Solicitud recibida para obtener todos los usuarios desde la IP: 0:0:0:0:0:0:0:1
2024-12-04 10:06:16 [http-nio-8004-exec-7] INFO  com.taller.psico.api.RolApi - Buscando todos los roles desde la IP: 0:0:0:0:0:0:0:1
2024-12-04 10:06:16 [http-nio-8004-exec-10] INFO  com.taller.psico.api.UserApi - Usuarios obtenidos correctamente desde la IP: 0:0:0:0:0:0:0:1
2024-12-04 10:06:19 [http-nio-8004-exec-9] INFO  com.taller.psico.api.UserApi - Solicitud recibida para obtener todos los usuarios desde la IP: 0:0:0:0:0:0:0:1
2024-12-04 10:06:19 [http-nio-8004-exec-9] INFO  com.taller.psico.api.UserApi - Usuarios obtenidos correctamente desde la IP: 0:0:0:0:0:0:0:1
2024-12-04 10:06:19 [http-nio-8004-exec-3] INFO  com.taller.psico.api.RolApi - Buscando todos los roles desde la IP: 0:0:0:0:0:0:0:1
2024-12-04 10:06:23 [http-nio-8004-exec-1] INFO  com.taller.psico.api.UserApi - Solicitud recibida para obtener todos los usuarios desde la IP: 0:0:0:0:0:0:0:1
2024-12-04 10:06:23 [http-nio-8004-exec-4] INFO  com.taller.psico.api.RolApi - Buscando todos los roles desde la IP: 0:0:0:0:0:0:0:1
2024-12-04 10:06:23 [http-nio-8004-exec-1] INFO  com.taller.psico.api.UserApi - Usuarios obtenidos correctamente desde la IP: 0:0:0:0:0:0:0:1
2024-12-04 10:06:39 [http-nio-8004-exec-6] INFO  com.taller.psico.api.UserApi - Solicitud recibida para obtener todos los usuarios desde la IP: 0:0:0:0:0:0:0:1
2024-12-04 10:06:39 [http-nio-8004-exec-2] INFO  com.taller.psico.api.RolApi - Buscando todos los roles desde la IP: 0:0:0:0:0:0:0:1
2024-12-04 10:06:39 [http-nio-8004-exec-6] INFO  com.taller.psico.api.UserApi - Usuarios obtenidos correctamente desde la IP: 0:0:0:0:0:0:0:1
2024-12-04 10:06:43 [http-nio-8004-exec-8] INFO  com.taller.psico.api.UserApi - Solicitud recibida para obtener todos los usuarios desde la IP: 0:0:0:0:0:0:0:1
2024-12-04 10:06:43 [http-nio-8004-exec-5] INFO  com.taller.psico.api.RolApi - Buscando todos los roles desde la IP: 0:0:0:0:0:0:0:1
2024-12-04 10:06:43 [http-nio-8004-exec-8] INFO  com.taller.psico.api.UserApi - Usuarios obtenidos correctamente desde la IP: 0:0:0:0:0:0:0:1
2024-12-04 10:07:14 [http-nio-8004-exec-7] INFO  com.taller.psico.api.UserApi - Solicitud recibida para obtener todos los usuarios desde la IP: 0:0:0:0:0:0:0:1
2024-12-04 10:07:14 [http-nio-8004-exec-7] INFO  com.taller.psico.api.UserApi - Usuarios obtenidos correctamente desde la IP: 0:0:0:0:0:0:0:1
2024-12-04 10:07:14 [http-nio-8004-exec-10] INFO  com.taller.psico.api.RolApi - Buscando todos los roles desde la IP: 0:0:0:0:0:0:0:1
2024-12-04 10:07:17 [http-nio-8004-exec-9] INFO  com.taller.psico.api.UserApi - Solicitud recibida para obtener todos los usuarios desde la IP: 0:0:0:0:0:0:0:1
2024-12-04 10:07:17 [http-nio-8004-exec-3] INFO  com.taller.psico.api.RolApi - Buscando todos los roles desde la IP: 0:0:0:0:0:0:0:1
2024-12-04 10:07:17 [http-nio-8004-exec-9] INFO  com.taller.psico.api.UserApi - Usuarios obtenidos correctamente desde la IP: 0:0:0:0:0:0:0:1
2024-12-04 10:07:32 [http-nio-8004-exec-4] INFO  com.taller.psico.api.UserApi - Solicitud recibida para obtener todos los usuarios desde la IP: 0:0:0:0:0:0:0:1
2024-12-04 10:07:32 [http-nio-8004-exec-1] INFO  com.taller.psico.api.RolApi - Buscando todos los roles desde la IP: 0:0:0:0:0:0:0:1
2024-12-04 10:07:32 [http-nio-8004-exec-4] INFO  com.taller.psico.api.UserApi - Usuarios obtenidos correctamente desde la IP: 0:0:0:0:0:0:0:1
2024-12-04 10:07:35 [http-nio-8004-exec-2] INFO  com.taller.psico.api.UserApi - Solicitud recibida para obtener todos los usuarios desde la IP: 0:0:0:0:0:0:0:1
2024-12-04 10:07:35 [http-nio-8004-exec-6] INFO  com.taller.psico.api.RolApi - Buscando todos los roles desde la IP: 0:0:0:0:0:0:0:1
2024-12-04 10:07:35 [http-nio-8004-exec-2] INFO  com.taller.psico.api.UserApi - Usuarios obtenidos correctamente desde la IP: 0:0:0:0:0:0:0:1
2024-12-04 10:08:22 [http-nio-8004-exec-5] INFO  com.taller.psico.api.UserApi - Solicitud recibida para obtener todos los usuarios desde la IP: 0:0:0:0:0:0:0:1
2024-12-04 10:08:22 [http-nio-8004-exec-8] INFO  com.taller.psico.api.RolApi - Buscando todos los roles desde la IP: 0:0:0:0:0:0:0:1
2024-12-04 10:08:22 [http-nio-8004-exec-5] INFO  com.taller.psico.api.UserApi - Usuarios obtenidos correctamente desde la IP: 0:0:0:0:0:0:0:1
2024-12-04 10:08:40 [http-nio-8004-exec-7] INFO  com.taller.psico.api.UserApi - Solicitud recibida para obtener todos los usuarios desde la IP: 0:0:0:0:0:0:0:1
2024-12-04 10:08:40 [http-nio-8004-exec-10] INFO  com.taller.psico.api.RolApi - Buscando todos los roles desde la IP: 0:0:0:0:0:0:0:1
2024-12-04 10:08:40 [http-nio-8004-exec-7] INFO  com.taller.psico.api.UserApi - Usuarios obtenidos correctamente desde la IP: 0:0:0:0:0:0:0:1
2024-12-04 10:09:00 [http-nio-8004-exec-3] INFO  com.taller.psico.api.UserApi - Solicitud recibida para obtener todos los usuarios desde la IP: 0:0:0:0:0:0:0:1
2024-12-04 10:09:00 [http-nio-8004-exec-9] INFO  com.taller.psico.api.RolApi - Buscando todos los roles desde la IP: 0:0:0:0:0:0:0:1
2024-12-04 10:09:00 [http-nio-8004-exec-3] INFO  com.taller.psico.api.UserApi - Usuarios obtenidos correctamente desde la IP: 0:0:0:0:0:0:0:1
2024-12-04 10:09:24 [http-nio-8004-exec-1] INFO  com.taller.psico.api.UserApi - Solicitud recibida para obtener todos los usuarios desde la IP: 0:0:0:0:0:0:0:1
2024-12-04 10:09:24 [http-nio-8004-exec-4] INFO  com.taller.psico.api.RolApi - Buscando todos los roles desde la IP: 0:0:0:0:0:0:0:1
2024-12-04 10:09:24 [http-nio-8004-exec-1] INFO  com.taller.psico.api.UserApi - Usuarios obtenidos correctamente desde la IP: 0:0:0:0:0:0:0:1
2024-12-04 10:09:34 [http-nio-8004-exec-6] INFO  com.taller.psico.api.UserApi - Solicitud recibida para obtener todos los usuarios desde la IP: 0:0:0:0:0:0:0:1
2024-12-04 10:09:34 [http-nio-8004-exec-2] INFO  com.taller.psico.api.RolApi - Buscando todos los roles desde la IP: 0:0:0:0:0:0:0:1
2024-12-04 10:09:34 [http-nio-8004-exec-6] INFO  com.taller.psico.api.UserApi - Usuarios obtenidos correctamente desde la IP: 0:0:0:0:0:0:0:1
2024-12-04 10:09:41 [http-nio-8004-exec-8] INFO  com.taller.psico.api.UserApi - Solicitud recibida para obtener todos los usuarios desde la IP: 0:0:0:0:0:0:0:1
2024-12-04 10:09:41 [http-nio-8004-exec-5] INFO  com.taller.psico.api.RolApi - Buscando todos los roles desde la IP: 0:0:0:0:0:0:0:1
2024-12-04 10:09:41 [http-nio-8004-exec-8] INFO  com.taller.psico.api.UserApi - Usuarios obtenidos correctamente desde la IP: 0:0:0:0:0:0:0:1
2024-12-04 10:10:10 [http-nio-8004-exec-10] INFO  com.taller.psico.api.UserApi - Solicitud recibida para obtener todos los usuarios desde la IP: 0:0:0:0:0:0:0:1
2024-12-04 10:10:10 [http-nio-8004-exec-10] INFO  com.taller.psico.api.UserApi - Usuarios obtenidos correctamente desde la IP: 0:0:0:0:0:0:0:1
2024-12-04 10:10:10 [http-nio-8004-exec-7] INFO  com.taller.psico.api.RolApi - Buscando todos los roles desde la IP: 0:0:0:0:0:0:0:1
2024-12-04 10:10:19 [http-nio-8004-exec-9] INFO  com.taller.psico.api.UserApi - Solicitud recibida para obtener todos los usuarios desde la IP: 0:0:0:0:0:0:0:1
2024-12-04 10:10:19 [http-nio-8004-exec-3] INFO  com.taller.psico.api.RolApi - Buscando todos los roles desde la IP: 0:0:0:0:0:0:0:1
2024-12-04 10:10:19 [http-nio-8004-exec-9] INFO  com.taller.psico.api.UserApi - Usuarios obtenidos correctamente desde la IP: 0:0:0:0:0:0:0:1
2024-12-04 10:10:56 [http-nio-8004-exec-4] INFO  com.taller.psico.api.UserApi - Solicitud recibida para obtener todos los usuarios desde la IP: 0:0:0:0:0:0:0:1
2024-12-04 10:10:56 [http-nio-8004-exec-1] INFO  com.taller.psico.api.RolApi - Buscando todos los roles desde la IP: 0:0:0:0:0:0:0:1
2024-12-04 10:10:56 [http-nio-8004-exec-4] INFO  com.taller.psico.api.UserApi - Usuarios obtenidos correctamente desde la IP: 0:0:0:0:0:0:0:1
2024-12-04 10:11:12 [http-nio-8004-exec-2] INFO  com.taller.psico.api.UserApi - Solicitud recibida para obtener todos los usuarios desde la IP: 0:0:0:0:0:0:0:1
2024-12-04 10:11:12 [http-nio-8004-exec-6] INFO  com.taller.psico.api.RolApi - Buscando todos los roles desde la IP: 0:0:0:0:0:0:0:1
2024-12-04 10:11:12 [http-nio-8004-exec-2] INFO  com.taller.psico.api.UserApi - Usuarios obtenidos correctamente desde la IP: 0:0:0:0:0:0:0:1
2024-12-04 10:14:05 [http-nio-8004-exec-10] INFO  com.taller.psico.api.UserApi - Solicitud recibida para obtener todos los usuarios desde la IP: 0:0:0:0:0:0:0:1
2024-12-04 10:14:05 [http-nio-8004-exec-7] INFO  com.taller.psico.api.RolApi - Buscando todos los roles desde la IP: 0:0:0:0:0:0:0:1
2024-12-04 10:14:05 [http-nio-8004-exec-10] INFO  com.taller.psico.api.UserApi - Usuarios obtenidos correctamente desde la IP: 0:0:0:0:0:0:0:1
2024-12-04 10:19:23 [http-nio-8004-exec-6] INFO  com.taller.psico.api.UserApi - Solicitud recibida para obtener todos los usuarios desde la IP: 0:0:0:0:0:0:0:1
2024-12-04 10:19:23 [http-nio-8004-exec-2] INFO  com.taller.psico.api.RolApi - Buscando todos los roles desde la IP: 0:0:0:0:0:0:0:1
2024-12-04 10:19:23 [http-nio-8004-exec-6] INFO  com.taller.psico.api.UserApi - Usuarios obtenidos correctamente desde la IP: 0:0:0:0:0:0:0:1
2024-12-04 10:29:00 [http-nio-8004-exec-8] INFO  com.taller.psico.api.UserApi - Buscando persona por ID de usuario: 33 desde la IP: 0:0:0:0:0:0:0:1
2024-12-04 10:29:00 [http-nio-8004-exec-10] INFO  com.taller.psico.api.UserApi - Buscando persona por ID de usuario: 34 desde la IP: 0:0:0:0:0:0:0:1
2024-12-04 10:29:18 [http-nio-8004-exec-4] INFO  com.taller.psico.api.UserApi - Solicitud recibida para obtener personas por rol desde la IP: 0:0:0:0:0:0:0:1
2024-12-04 10:29:18 [http-nio-8004-exec-4] INFO  com.taller.psico.api.UserApi - Personas encontradas correctamente para el rol desde la IP: 0:0:0:0:0:0:0:1
2024-12-04 10:29:46 [http-nio-8004-exec-5] INFO  com.taller.psico.api.UserApi - Solicitud recibida para obtener todos los usuarios desde la IP: 0:0:0:0:0:0:0:1
2024-12-04 10:29:47 [http-nio-8004-exec-8] INFO  com.taller.psico.api.RolApi - Buscando todos los roles desde la IP: 0:0:0:0:0:0:0:1
2024-12-04 10:29:47 [http-nio-8004-exec-5] INFO  com.taller.psico.api.UserApi - Usuarios obtenidos correctamente desde la IP: 0:0:0:0:0:0:0:1
2024-12-04 10:29:57 [http-nio-8004-exec-9] INFO  c.taller.psico.api.AvailabilityApi - Solicitando disponibilidades agrupadas por usuario desde la IP: 0:0:0:0:0:0:0:1
2024-12-04 10:29:57 [http-nio-8004-exec-9] INFO  c.taller.psico.api.AvailabilityApi - Disponibilidades agrupadas por usuario obtenidas exitosamente desde la IP: 0:0:0:0:0:0:0:1
2024-12-04 10:30:04 [http-nio-8004-exec-3] INFO  com.taller.psico.api.UserApi - Solicitud recibida para obtener todos los usuarios desde la IP: 0:0:0:0:0:0:0:1
2024-12-04 10:30:04 [http-nio-8004-exec-1] INFO  com.taller.psico.api.RolApi - Buscando todos los roles desde la IP: 0:0:0:0:0:0:0:1
2024-12-04 10:30:04 [http-nio-8004-exec-3] INFO  com.taller.psico.api.UserApi - Usuarios obtenidos correctamente desde la IP: 0:0:0:0:0:0:0:1
2024-12-04 15:26:17 [SpringApplicationShutdownHook] INFO  o.s.o.j.LocalContainerEntityManagerFactoryBean - Closing JPA EntityManagerFactory for persistence unit 'default'
2024-12-04 15:26:21 [main] INFO  com.taller.psico.PsicoApplication - Starting PsicoApplication using Java 20.0.1 with PID 20944 (C:\Users\ALBERTO\Desktop\projects\nuevobackend\PsicologiaBackend\target\classes started by ALBERTO in C:\Users\ALBERTO\Desktop\projects\nuevobackend\PsicologiaBackend)
2024-12-04 15:26:21 [main] INFO  com.taller.psico.PsicoApplication - No active profile set, falling back to 1 default profile: "default"
2024-12-04 15:26:22 [main] INFO  o.s.d.r.c.RepositoryConfigurationDelegate - Bootstrapping Spring Data JPA repositories in DEFAULT mode.
2024-12-04 15:26:22 [main] INFO  o.s.d.r.c.RepositoryConfigurationDelegate - Finished Spring Data repository scanning in 93 ms. Found 20 JPA repository interfaces.
2024-12-04 15:26:22 [main] INFO  o.s.b.w.e.tomcat.TomcatWebServer - Tomcat initialized with port 8004 (http)
2024-12-04 15:26:22 [main] INFO  o.a.coyote.http11.Http11NioProtocol - Initializing ProtocolHandler ["http-nio-8004"]
2024-12-04 15:26:22 [main] INFO  o.a.catalina.core.StandardService - Starting service [Tomcat]
2024-12-04 15:26:22 [main] INFO  o.a.catalina.core.StandardEngine - Starting Servlet engine: [Apache Tomcat/10.1.20]
2024-12-04 15:26:23 [main] INFO  o.a.c.c.C.[Tomcat].[localhost].[/] - Initializing Spring embedded WebApplicationContext
2024-12-04 15:26:23 [main] INFO  o.s.b.w.s.c.ServletWebServerApplicationContext - Root WebApplicationContext: initialization completed in 1246 ms
2024-12-04 15:26:23 [main] INFO  o.h.jpa.internal.util.LogHelper - HHH000204: Processing PersistenceUnitInfo [name: default]
2024-12-04 15:26:23 [main] INFO  org.hibernate.Version - HHH000412: Hibernate ORM core version 6.4.4.Final
2024-12-04 15:26:23 [main] INFO  o.h.c.i.RegionFactoryInitiator - HHH000026: Second-level cache disabled
2024-12-04 15:26:23 [main] INFO  o.s.o.j.p.SpringPersistenceUnitInfo - No LoadTimeWeaver setup: ignoring JPA class transformer
2024-12-04 15:26:24 [main] INFO  o.h.e.t.j.p.i.JtaPlatformInitiator - HHH000489: No JTA platform available (set 'hibernate.transaction.jta.platform' to enable JTA platform integration)
2024-12-04 15:26:25 [main] INFO  o.s.o.j.LocalContainerEntityManagerFactoryBean - Initialized JPA EntityManagerFactory for persistence unit 'default'
2024-12-04 15:26:25 [main] INFO  o.s.d.j.r.query.QueryEnhancerFactory - Hibernate is in classpath; If applicable, HQL parser will be used.
2024-12-04 15:26:26 [main] INFO  o.a.coyote.http11.Http11NioProtocol - Starting ProtocolHandler ["http-nio-8004"]
2024-12-04 15:26:26 [main] INFO  o.s.b.w.e.tomcat.TomcatWebServer - Tomcat started on port 8004 (http) with context path ''
2024-12-04 15:26:26 [main] INFO  com.taller.psico.PsicoApplication - Started PsicoApplication in 5.171 seconds (process running for 5.818)
2024-12-04 15:27:09 [http-nio-8004-exec-1] INFO  o.a.c.c.C.[Tomcat].[localhost].[/] - Initializing Spring DispatcherServlet 'dispatcherServlet'
2024-12-04 15:27:09 [http-nio-8004-exec-1] INFO  o.s.web.servlet.DispatcherServlet - Initializing Servlet 'dispatcherServlet'
2024-12-04 15:27:09 [http-nio-8004-exec-1] INFO  o.s.web.servlet.DispatcherServlet - Completed initialization in 1 ms
2024-12-04 16:23:02 [SpringApplicationShutdownHook] INFO  o.s.o.j.LocalContainerEntityManagerFactoryBean - Closing JPA EntityManagerFactory for persistence unit 'default'
2024-12-04 16:23:07 [main] INFO  com.taller.psico.PsicoApplication - Starting PsicoApplication using Java 20.0.1 with PID 17784 (C:\Users\ALBERTO\Desktop\projects\nuevobackend\PsicologiaBackend\target\classes started by ALBERTO in C:\Users\ALBERTO\Desktop\projects\nuevobackend\PsicologiaBackend)
2024-12-04 16:23:07 [main] INFO  com.taller.psico.PsicoApplication - No active profile set, falling back to 1 default profile: "default"
2024-12-04 16:23:07 [main] INFO  o.s.d.r.c.RepositoryConfigurationDelegate - Bootstrapping Spring Data JPA repositories in DEFAULT mode.
2024-12-04 16:23:08 [main] INFO  o.s.d.r.c.RepositoryConfigurationDelegate - Finished Spring Data repository scanning in 130 ms. Found 20 JPA repository interfaces.
2024-12-04 16:23:08 [main] INFO  o.s.b.w.e.tomcat.TomcatWebServer - Tomcat initialized with port 8004 (http)
2024-12-04 16:23:08 [main] INFO  o.a.coyote.http11.Http11NioProtocol - Initializing ProtocolHandler ["http-nio-8004"]
2024-12-04 16:23:08 [main] INFO  o.a.catalina.core.StandardService - Starting service [Tomcat]
2024-12-04 16:23:08 [main] INFO  o.a.catalina.core.StandardEngine - Starting Servlet engine: [Apache Tomcat/10.1.20]
2024-12-04 16:23:08 [main] INFO  o.a.c.c.C.[Tomcat].[localhost].[/] - Initializing Spring embedded WebApplicationContext
2024-12-04 16:23:08 [main] INFO  o.s.b.w.s.c.ServletWebServerApplicationContext - Root WebApplicationContext: initialization completed in 1307 ms
2024-12-04 16:23:08 [main] INFO  o.h.jpa.internal.util.LogHelper - HHH000204: Processing PersistenceUnitInfo [name: default]
2024-12-04 16:23:08 [main] INFO  org.hibernate.Version - HHH000412: Hibernate ORM core version 6.4.4.Final
2024-12-04 16:23:08 [main] INFO  o.h.c.i.RegionFactoryInitiator - HHH000026: Second-level cache disabled
2024-12-04 16:23:09 [main] INFO  o.s.o.j.p.SpringPersistenceUnitInfo - No LoadTimeWeaver setup: ignoring JPA class transformer
2024-12-04 16:23:10 [main] INFO  o.h.e.t.j.p.i.JtaPlatformInitiator - HHH000489: No JTA platform available (set 'hibernate.transaction.jta.platform' to enable JTA platform integration)
2024-12-04 16:23:11 [main] INFO  o.s.o.j.LocalContainerEntityManagerFactoryBean - Initialized JPA EntityManagerFactory for persistence unit 'default'
2024-12-04 16:23:11 [main] INFO  o.s.d.j.r.query.QueryEnhancerFactory - Hibernate is in classpath; If applicable, HQL parser will be used.
2024-12-04 16:23:12 [main] INFO  o.a.coyote.http11.Http11NioProtocol - Starting ProtocolHandler ["http-nio-8004"]
2024-12-04 16:23:12 [main] INFO  o.s.b.w.e.tomcat.TomcatWebServer - Tomcat started on port 8004 (http) with context path ''
2024-12-04 16:23:12 [main] INFO  com.taller.psico.PsicoApplication - Started PsicoApplication in 5.648 seconds (process running for 6.263)
2024-12-04 16:24:17 [http-nio-8004-exec-1] INFO  o.a.c.c.C.[Tomcat].[localhost].[/] - Initializing Spring DispatcherServlet 'dispatcherServlet'
2024-12-04 16:24:17 [http-nio-8004-exec-1] INFO  o.s.web.servlet.DispatcherServlet - Initializing Servlet 'dispatcherServlet'
2024-12-04 16:24:17 [http-nio-8004-exec-1] INFO  o.s.web.servlet.DispatcherServlet - Completed initialization in 3 ms
2024-12-04 19:52:22 [SpringApplicationShutdownHook] INFO  o.s.o.j.LocalContainerEntityManagerFactoryBean - Closing JPA EntityManagerFactory for persistence unit 'default'
